Connecting to database specified by database.yml
Connecting to database specified by database.yml
  [1m[36m (13.9ms)[0m  [1mCREATE TABLE "schema_migrations" ("version" character varying(255) NOT NULL) [0m
  [1m[35m (2.3ms)[0m  CREATE UNIQUE INDEX "unique_schema_migrations" ON "schema_migrations" ("version")
  [1m[36m (0.2ms)[0m  [1mSELECT "schema_migrations"."version" FROM "schema_migrations" [0m
Migrating to CreateUsers (20140717033723)
  [1m[35m (0.1ms)[0m  BEGIN
  [1m[36m (26.1ms)[0m  [1mCREATE TABLE "users" ("id" serial primary key, "username" character varying(255), "password" character varying(255), "created_at" timestamp NOT NULL, "updated_at" timestamp NOT NULL) [0m
  [1m[35m (0.4ms)[0m  INSERT INTO "schema_migrations" ("version") VALUES ('20140717033723')
  [1m[36m (0.4ms)[0m  [1mCOMMIT[0m
  [1m[35m (0.2ms)[0m  SELECT "schema_migrations"."version" FROM "schema_migrations" 


Started POST "/users" for 127.0.0.1 at 2014-07-17 20:16:20 -0700
Connecting to database specified by database.yml
Processing by UsersController#create as */*
  Parameters: {"username"=>"rj", "password"=>"[FILTERED]"}
WARNING: Can't verify CSRF token authenticity
  [1m[36m (0.1ms)[0m  [1mBEGIN[0m
  [1m[35mSQL (2.5ms)[0m  INSERT INTO "users" ("created_at", "password", "updated_at", "username") VALUES ($1, $2, $3, $4) RETURNING "id"  [["created_at", Fri, 18 Jul 2014 03:16:21 UTC +00:00], ["password", "password"], ["updated_at", Fri, 18 Jul 2014 03:16:21 UTC +00:00], ["username", "rj"]]
  [1m[36m (0.3ms)[0m  [1mCOMMIT[0m
Completed 200 OK in 37.6ms (Views: 0.3ms | ActiveRecord: 6.2ms)


Started GET "/users/1" for 127.0.0.1 at 2014-07-17 20:17:08 -0700
Processing by UsersController#show as */*
  Parameters: {"username"=>"rj", "password"=>"[FILTERED]", "id"=>"1"}
  [1m[35mUser Load (0.6ms)[0m  SELECT "users".* FROM "users" WHERE "users"."username" = 'rj' LIMIT 1
Completed 200 OK in 5.2ms (Views: 0.4ms | ActiveRecord: 0.6ms)


Started GET "/users/1" for 127.0.0.1 at 2014-07-17 20:17:15 -0700
Processing by UsersController#show as */*
  Parameters: {"username"=>"rj", "password"=>"[FILTERED]", "id"=>"1"}
  [1m[36mUser Load (0.2ms)[0m  [1mSELECT "users".* FROM "users" WHERE "users"."username" = 'rj' LIMIT 1[0m
Completed 200 OK in 1.2ms (Views: 0.1ms | ActiveRecord: 0.2ms)
